2019-11-12 16:20:11 831 [Note] InnoDB: Using atomics to ref count buffer pool pages
2019-11-12 16:20:11 831 [Note] InnoDB: The InnoDB memory heap is disabled
2019-11-12 16:20:11 831 [Note] InnoDB: Mutexes and rw_locks use GCC atomic builtins
2019-11-12 16:20:11 831 [Note] InnoDB: Memory barrier is not used
2019-11-12 16:20:11 831 [Note] InnoDB: Compressed tables use zlib 1.2.3
2019-11-12 16:20:11 831 [Note] InnoDB: Using CPU crc32 instructions
2019-11-12 16:20:11 831 [Note] InnoDB: Initializing buffer pool, size = 128.0M
2019-11-12 16:20:11 831 [Note] InnoDB: Completed initialization of buffer pool
2019-11-12 16:20:11 831 [Note] InnoDB: The first specified data file ./ibdata1 did not exist: a new database to be created!
2019-11-12 16:20:11 831 [Note] InnoDB: Setting file ./ibdata1 size to 12 MB
2019-11-12 16:20:11 831 [Note] InnoDB: Database physically writes the file full: wait...
2019-11-12 16:20:11 831 [Note] InnoDB: Setting log file ./ib_logfile101 size to 48 MB
2019-11-12 16:20:12 831 [Note] InnoDB: Setting log file ./ib_logfile1 size to 48 MB
2019-11-12 16:20:12 831 [Note] InnoDB: Renaming log file ./ib_logfile101 to ./ib_logfile0
2019-11-12 16:20:12 831 [Warning] InnoDB: New log files created, LSN=45781
2019-11-12 16:20:12 831 [Note] InnoDB: Doublewrite buffer not found: creating new
2019-11-12 16:20:12 831 [Note] InnoDB: Doublewrite buffer created
2019-11-12 16:20:12 831 [Note] InnoDB: 128 rollback segment(s) are active.
2019-11-12 16:20:12 831 [Warning] InnoDB: Creating foreign key constraint system tables.
2019-11-12 16:20:12 831 [Note] InnoDB: Foreign key constraint system tables created
2019-11-12 16:20:12 831 [Note] InnoDB: Creating tablespace and datafile system tables.
2019-11-12 16:20:12 831 [Note] InnoDB: Tablespace and datafile system tables created.
2019-11-12 16:20:12 831 [Note] InnoDB: Waiting for purge to start
2019-11-12 16:20:13 831 [Note] InnoDB: 5.6.41 started; log sequence number 0
2019-11-12 16:20:13 831 [Warning] No existing UUID has been found, so we assume that this is the first time that this server has been started. Generating a new UUID: 3fd1d5b7-0525-11ea-98d0-00163e00440c.
2019-11-12 16:20:13 831 [Note] Server hostname (bind-address): '*'; port: 3306
2019-11-12 16:20:13 831 [Note] IPv6 is available.
2019-11-12 16:20:13 831 [Note]   - '::' resolves to '::';
2019-11-12 16:20:13 831 [Note] Server socket created on IP: '::'.
2019-11-12 16:20:13 831 [ERROR] Can't start server: Bind on TCP/IP port: Address already in use
2019-11-12 16:20:13 831 [ERROR] Do you already have another mysqld server running on port: 3306 ?
2019-11-12 16:20:13 831 [ERROR] Aborting

2019-11-12 16:20:13 831 [Note] Binlog end
2019-11-12 16:20:13 831 [Note] Shutting down plugin 'partition'
2019-11-12 16:20:13 831 [Note] Shutting down plugin 'ARCHIVE'
2019-11-12 16:20:13 831 [Note] Shutting down plugin 'BLACKHOLE'
2019-11-12 16:20:13 831 [Note] Shutting down plugin 'FEDERATED'
2019-11-12 16:20:13 831 [Note] Shutting down plugin 'PERFORMANCE_SCHEMA'
2019-11-12 16:20:13 831 [Note] Shutting down plugin 'INNODB_SYS_DATAFILES'
2019-11-12 16:20:13 831 [Note] Shutting down plugin 'INNODB_SYS_TABLESPACES'
2019-11-12 16:20:13 831 [Note] Shutting down plugin 'INNODB_SYS_FOREIGN_COLS'
2019-11-12 16:20:13 831 [Note] Shutting down plugin 'INNODB_SYS_FOREIGN'
2019-11-12 16:20:13 831 [Note] Shutting down plugin 'INNODB_SYS_FIELDS'
2019-11-12 16:20:13 831 [Note] Shutting down plugin 'INNODB_SYS_COLUMNS'
2019-11-12 16:20:13 831 [Note] Shutting down plugin 'INNODB_SYS_INDEXES'
2019-11-12 16:20:13 831 [Note] Shutting down plugin 'INNODB_SYS_TABLESTATS'
2019-11-12 16:20:13 831 [Note] Shutting down plugin 'INNODB_SYS_TABLES'
2019-11-12 16:20:13 831 [Note] Shutting down plugin 'INNODB_FT_INDEX_TABLE'
2019-11-12 16:20:13 831 [Note] Shutting down plugin 'INNODB_FT_INDEX_CACHE'
2019-11-12 16:20:13 831 [Note] Shutting down plugin 'INNODB_FT_CONFIG'
2019-11-12 16:20:13 831 [Note] Shutting down plugin 'INNODB_FT_BEING_DELETED'
2019-11-12 16:20:13 831 [Note] Shutting down plugin 'INNODB_FT_DELETED'
2019-11-12 16:20:13 831 [Note] Shutting down plugin 'INNODB_FT_DEFAULT_STOPWORD'
2019-11-12 16:20:13 831 [Note] Shutting down plugin 'INNODB_METRICS'
2019-11-12 16:20:13 831 [Note] Shutting down plugin 'INNODB_BUFFER_POOL_STATS'
2019-11-12 16:20:13 831 [Note] Shutting down plugin 'INNODB_BUFFER_PAGE_LRU'
2019-11-12 16:20:13 831 [Note] Shutting down plugin 'INNODB_BUFFER_PAGE'
2019-11-12 16:20:13 831 [Note] Shutting down plugin 'INNODB_CMP_PER_INDEX_RESET'
2019-11-12 16:20:13 831 [Note] Shutting down plugin 'INNODB_CMP_PER_INDEX'
2019-11-12 16:20:13 831 [Note] Shutting down plugin 'INNODB_CMPMEM_RESET'
2019-11-12 16:20:13 831 [Note] Shutting down plugin 'INNODB_CMPMEM'
2019-11-12 16:20:13 831 [Note] Shutting down plugin 'INNODB_CMP_RESET'
2019-11-12 16:20:13 831 [Note] Shutting down plugin 'INNODB_CMP'
2019-11-12 16:20:13 831 [Note] Shutting down plugin 'INNODB_LOCK_WAITS'
2019-11-12 16:20:13 831 [Note] Shutting down plugin 'INNODB_LOCKS'
2019-11-12 16:20:13 831 [Note] Shutting down plugin 'INNODB_TRX'
2019-11-12 16:20:13 831 [Note] Shutting down plugin 'InnoDB'
2019-11-12 16:20:13 831 [Note] InnoDB: FTS optimize thread exiting.
2019-11-12 16:20:13 831 [Note] InnoDB: Starting shutdown...
2019-11-12 16:20:15 831 [Note] InnoDB: Shutdown completed; log sequence number 1600607
2019-11-12 16:20:15 831 [Note] Shutting down plugin 'MEMORY'
2019-11-12 16:20:15 831 [Note] Shutting down plugin 'MyISAM'
2019-11-12 16:20:15 831 [Note] Shutting down plugin 'CSV'
2019-11-12 16:20:15 831 [Note] Shutting down plugin 'MRG_MYISAM'
2019-11-12 16:20:15 831 [Note] Shutting down plugin 'sha256_password'
2019-11-12 16:20:15 831 [Note] Shutting down plugin 'mysql_old_password'
2019-11-12 16:20:15 831 [Note] Shutting down plugin 'mysql_native_password'
2019-11-12 16:20:15 831 [Note] Shutting down plugin 'binlog'
2019-11-12 16:20:15 831 [Note] /usr/local/mysql/bin/mysqld: Shutdown complete

2019-11-12 16:23:46 4087 [Note] InnoDB: Using atomics to ref count buffer pool pages
2019-11-12 16:23:46 4087 [Note] InnoDB: The InnoDB memory heap is disabled
2019-11-12 16:23:46 4087 [Note] InnoDB: Mutexes and rw_locks use GCC atomic builtins
2019-11-12 16:23:46 4087 [Note] InnoDB: Memory barrier is not used
2019-11-12 16:23:46 4087 [Note] InnoDB: Compressed tables use zlib 1.2.3
2019-11-12 16:23:46 4087 [Note] InnoDB: Using CPU crc32 instructions
2019-11-12 16:23:46 4087 [Note] InnoDB: Initializing buffer pool, size = 128.0M
2019-11-12 16:23:46 4087 [Note] InnoDB: Completed initialization of buffer pool
2019-11-12 16:23:46 4087 [Note] InnoDB: Highest supported file format is Barracuda.
2019-11-12 16:23:46 4087 [Note] InnoDB: 128 rollback segment(s) are active.
2019-11-12 16:23:46 4087 [Note] InnoDB: Waiting for purge to start
2019-11-12 16:23:47 4087 [Note] InnoDB: 5.6.41 started; log sequence number 1600607
2019-11-12 16:23:47 4087 [Note] Server hostname (bind-address): '*'; port: 3306
2019-11-12 16:23:47 4087 [Note] IPv6 is available.
2019-11-12 16:23:47 4087 [Note]   - '::' resolves to '::';
2019-11-12 16:23:47 4087 [Note] Server socket created on IP: '::'.
2019-11-12 16:23:47 4087 [ERROR] Can't start server: Bind on TCP/IP port: Address already in use
2019-11-12 16:23:47 4087 [ERROR] Do you already have another mysqld server running on port: 3306 ?
2019-11-12 16:23:47 4087 [ERROR] Aborting

2019-11-12 16:23:47 4087 [Note] Binlog end
2019-11-12 16:23:47 4087 [Note] Shutting down plugin 'partition'
2019-11-12 16:23:47 4087 [Note] Shutting down plugin 'ARCHIVE'
2019-11-12 16:23:47 4087 [Note] Shutting down plugin 'BLACKHOLE'
2019-11-12 16:23:47 4087 [Note] Shutting down plugin 'FEDERATED'
2019-11-12 16:23:47 4087 [Note] Shutting down plugin 'PERFORMANCE_SCHEMA'
2019-11-12 16:23:47 4087 [Note] Shutting down plugin 'INNODB_SYS_DATAFILES'
2019-11-12 16:23:47 4087 [Note] Shutting down plugin 'INNODB_SYS_TABLESPACES'
2019-11-12 16:23:47 4087 [Note] Shutting down plugin 'INNODB_SYS_FOREIGN_COLS'
2019-11-12 16:23:47 4087 [Note] Shutting down plugin 'INNODB_SYS_FOREIGN'
2019-11-12 16:23:47 4087 [Note] Shutting down plugin 'INNODB_SYS_FIELDS'
2019-11-12 16:23:47 4087 [Note] Shutting down plugin 'INNODB_SYS_COLUMNS'
2019-11-12 16:23:47 4087 [Note] Shutting down plugin 'INNODB_SYS_INDEXES'
2019-11-12 16:23:47 4087 [Note] Shutting down plugin 'INNODB_SYS_TABLESTATS'
2019-11-12 16:23:47 4087 [Note] Shutting down plugin 'INNODB_SYS_TABLES'
2019-11-12 16:23:47 4087 [Note] Shutting down plugin 'INNODB_FT_INDEX_TABLE'
2019-11-12 16:23:47 4087 [Note] Shutting down plugin 'INNODB_FT_INDEX_CACHE'
2019-11-12 16:23:47 4087 [Note] Shutting down plugin 'INNODB_FT_CONFIG'
2019-11-12 16:23:47 4087 [Note] Shutting down plugin 'INNODB_FT_BEING_DELETED'
2019-11-12 16:23:47 4087 [Note] Shutting down plugin 'INNODB_FT_DELETED'
2019-11-12 16:23:47 4087 [Note] Shutting down plugin 'INNODB_FT_DEFAULT_STOPWORD'
2019-11-12 16:23:47 4087 [Note] Shutting down plugin 'INNODB_METRICS'
2019-11-12 16:23:47 4087 [Note] Shutting down plugin 'INNODB_BUFFER_POOL_STATS'
2019-11-12 16:23:47 4087 [Note] Shutting down plugin 'INNODB_BUFFER_PAGE_LRU'
2019-11-12 16:23:47 4087 [Note] Shutting down plugin 'INNODB_BUFFER_PAGE'
2019-11-12 16:23:47 4087 [Note] Shutting down plugin 'INNODB_CMP_PER_INDEX_RESET'
2019-11-12 16:23:47 4087 [Note] Shutting down plugin 'INNODB_CMP_PER_INDEX'
2019-11-12 16:23:47 4087 [Note] Shutting down plugin 'INNODB_CMPMEM_RESET'
2019-11-12 16:23:47 4087 [Note] Shutting down plugin 'INNODB_CMPMEM'
2019-11-12 16:23:47 4087 [Note] Shutting down plugin 'INNODB_CMP_RESET'
2019-11-12 16:23:47 4087 [Note] Shutting down plugin 'INNODB_CMP'
2019-11-12 16:23:47 4087 [Note] Shutting down plugin 'INNODB_LOCK_WAITS'
2019-11-12 16:23:47 4087 [Note] Shutting down plugin 'INNODB_LOCKS'
2019-11-12 16:23:47 4087 [Note] Shutting down plugin 'INNODB_TRX'
2019-11-12 16:23:47 4087 [Note] Shutting down plugin 'InnoDB'
2019-11-12 16:23:47 4087 [Note] InnoDB: FTS optimize thread exiting.
2019-11-12 16:23:47 4087 [Note] InnoDB: Starting shutdown...
2019-11-12 16:23:48 4087 [Note] InnoDB: Shutdown completed; log sequence number 1600617
2019-11-12 16:23:48 4087 [Note] Shutting down plugin 'MEMORY'
2019-11-12 16:23:48 4087 [Note] Shutting down plugin 'MyISAM'
2019-11-12 16:23:48 4087 [Note] Shutting down plugin 'CSV'
2019-11-12 16:23:48 4087 [Note] Shutting down plugin 'MRG_MYISAM'
2019-11-12 16:23:48 4087 [Note] Shutting down plugin 'sha256_password'
2019-11-12 16:23:48 4087 [Note] Shutting down plugin 'mysql_old_password'
2019-11-12 16:23:48 4087 [Note] Shutting down plugin 'mysql_native_password'
2019-11-12 16:23:48 4087 [Note] Shutting down plugin 'binlog'
2019-11-12 16:23:48 4087 [Note] /usr/local/mysql/bin/mysqld: Shutdown complete

